<?xml version="1.0" encoding="UTF-8"?>
<!-- Generated by org.testng.reporters.JUnitReportReporter -->
<testsuite hostname="TamAnh" failures="0" tests="1" name="testcases.testcaseSearchGoogle" time="2.139" errors="0" timestamp="6 Oct 2022 15:10:29 GMT">
  <testcase classname="testcases.testcaseSearchGoogle" name="TC_01_Search_Google" time="2.139"/>
</testsuite> <!-- testcases.testcaseSearchGoogle -->
